build/app/intermediates/manifest_merge_blame_file/release/manifest-merger-blame-release-report.txt
1<?xml version="1.0" encoding="utf-8"?>
2<manifest xmlns:android="http://schemas.android.com/apk/res/android"
3    package="com.example.mdc_100_series"
4    android:versionCode="1"
5    android:versionName="1.0" >
6
7    <uses-sdk
8        android:minSdkVersion="24"
8-->src\main\AndroidManifest.xml
9        android:targetSdkVersion="31" />
9-->src\main\AndroidManifest.xml
10
11    <uses-feature android:glEsVersion="0x00020000" />
11-->[:unityLibrary] AndroidManifest.xml:11:5-54
11-->[:unityLibrary] AndroidManifest.xml:11:19-51
12
13    <uses-permission android:name="android.permission.INTERNET" />
13-->[:unityLibrary] AndroidManifest.xml:13:5-67
13-->[:unityLibrary] AndroidManifest.xml:13:22-64
14
15    <uses-feature
15-->[:unityLibrary] AndroidManifest.xml:15:5-17:36
16        android:name="android.hardware.touchscreen"
16-->[:unityLibrary] AndroidManifest.xml:16:9-52
17        android:required="false" />
17-->[:unityLibrary] AndroidManifest.xml:17:9-33
18    <uses-feature
18-->[:unityLibrary] AndroidManifest.xml:18:5-20:36
19        android:name="android.hardware.touchscreen.multitouch"
19-->[:unityLibrary] AndroidManifest.xml:19:9-63
20        android:required="false" />
20-->[:unityLibrary] AndroidManifest.xml:20:9-33
21    <uses-feature
21-->[:unityLibrary] AndroidManifest.xml:21:5-23:36
22        android:name="android.hardware.touchscreen.multitouch.distinct"
22-->[:unityLibrary] AndroidManifest.xml:22:9-72
23        android:required="false" />
23-->[:unityLibrary] AndroidManifest.xml:23:9-33
24
25    <uses-permission android:name="android.permission.ACCESS_NETWORK_STATE" />
25-->[com.google.firebase:firebase-auth:21.0.3] AndroidManifest.xml:24:5-79
25-->[com.google.firebase:firebase-auth:21.0.3] AndroidManifest.xml:24:22-76
26
27    <application
27-->src\main\AndroidManifest.xml:3:4-43:19
28        android:appComponentFactory="androidx.core.app.CoreComponentFactory"
28-->[androidx.core:core:1.6.0] AndroidManifest.xml:24:18-86
29        android:extractNativeLibs="false"
30        android:icon="@mipmap/ic_launcher"
30-->src\main\AndroidManifest.xml:5:9-43
31        android:label="@string/shr_app_name"
31-->src\main\AndroidManifest.xml:4:9-45
32        android:roundIcon="@mipmap/ic_launcher_round" >
32-->src\main\AndroidManifest.xml:6:9-54
33        <activity
33-->src\main\AndroidManifest.xml:7:9-37:20
34            android:name="com.example.mdc_100_series.MainActivity"
34-->src\main\AndroidManifest.xml:8:13-41
35            android:configChanges="orientation|keyboardHidden|keyboard|screenSize|smallestScreenSize|locale|layoutDirection|fontScale|screenLayout|density|uiMode"
35-->src\main\AndroidManifest.xml:11:13-163
36            android:exported="true"
36-->src\main\AndroidManifest.xml:14:13-36
37            android:hardwareAccelerated="true"
37-->src\main\AndroidManifest.xml:12:13-47
38            android:launchMode="singleTop"
38-->src\main\AndroidManifest.xml:9:13-43
39            android:theme="@style/LaunchTheme"
39-->src\main\AndroidManifest.xml:10:13-47
40            android:windowSoftInputMode="adjustResize" >
40-->src\main\AndroidManifest.xml:13:13-55
41
42            <!--
43                 Specifies an Android theme to apply to this Activity as soon as
44                 the Android process has started. This theme is visible to the user
45                 while the Flutter UI initializes. After that, this theme continues
46                 to determine the Window background behind the Flutter UI.
47            -->
48            <meta-data
48-->src\main\AndroidManifest.xml:20:13-23:17
49                android:name="io.flutter.embedding.android.NormalTheme"
49-->src\main\AndroidManifest.xml:21:15-70
50                android:resource="@style/NormalTheme" />
50-->src\main\AndroidManifest.xml:22:15-52
51            <!--
52                 Displays an Android View that continues showing the launch screen
53                 Drawable until Flutter paints its first frame, then this splash
54                 screen fades out. A splash screen is useful to avoid any visual
55                 gap between the end of Android's launch screen and the painting of
56                 Flutter's first frame.
57            -->
58            <meta-data
58-->src\main\AndroidManifest.xml:29:13-32:17
59                android:name="io.flutter.embedding.android.SplashScreenDrawable"
59-->src\main\AndroidManifest.xml:30:15-79
60                android:resource="@drawable/launch_background" />
60-->src\main\AndroidManifest.xml:31:15-61
61
62            <intent-filter>
62-->src\main\AndroidManifest.xml:33:13-36:29
63                <action android:name="android.intent.action.MAIN" />
63-->src\main\AndroidManifest.xml:34:17-68
63-->src\main\AndroidManifest.xml:34:25-66
64
65                <category android:name="android.intent.category.LAUNCHER" />
65-->src\main\AndroidManifest.xml:35:17-76
65-->src\main\AndroidManifest.xml:35:27-74
66            </intent-filter>
67        </activity>
68        <!--
69             Don't delete the meta-data below.
70             This is used by the Flutter tool to generate GeneratedPluginRegistrant.java
71        -->
72        <meta-data
72-->src\main\AndroidManifest.xml:40:9-42:33
73            android:name="flutterEmbedding"
73-->src\main\AndroidManifest.xml:41:13-44
74            android:value="2" />
74-->src\main\AndroidManifest.xml:42:13-30
75
76        <service
76-->[:firebase_auth] AndroidManifest.xml:8:9-12:19
77            android:name="com.google.firebase.components.ComponentDiscoveryService"
77-->[:firebase_auth] AndroidManifest.xml:8:18-89
78            android:directBootAware="true"
78-->[com.google.firebase:firebase-common:20.1.0] AndroidManifest.xml:35:13-43
79            android:exported="false" >
79-->[com.google.firebase:firebase-auth:21.0.3] AndroidManifest.xml:66:13-37
80            <meta-data
80-->[:firebase_auth] AndroidManifest.xml:9:13-11:85
81                android:name="com.google.firebase.components:io.flutter.plugins.firebase.auth.FlutterFirebaseAuthRegistrar"
81-->[:firebase_auth] AndroidManifest.xml:10:17-124
82                android:value="com.google.firebase.components.ComponentRegistrar" />
82-->[:firebase_auth] AndroidManifest.xml:11:17-82
83            <meta-data
83-->[:cloud_firestore] AndroidManifest.xml:9:13-11:85
84                android:name="com.google.firebase.components:io.flutter.plugins.firebase.firestore.FlutterFirebaseFirestoreRegistrar"
84-->[:cloud_firestore] AndroidManifest.xml:10:17-134
85                android:value="com.google.firebase.components.ComponentRegistrar" />
85-->[:cloud_firestore] AndroidManifest.xml:11:17-82
86            <meta-data
86-->[:firebase_core] AndroidManifest.xml:9:13-11:85
87                android:name="com.google.firebase.components:io.flutter.plugins.firebase.core.FlutterFirebaseCoreRegistrar"
87-->[:firebase_core] AndroidManifest.xml:10:17-124
88                android:value="com.google.firebase.components.ComponentRegistrar" />
88-->[:firebase_core] AndroidManifest.xml:11:17-82
89            <meta-data
89-->[com.google.firebase:firebase-auth:21.0.3] AndroidManifest.xml:67:13-69:85
90                android:name="com.google.firebase.components:com.google.firebase.auth.FirebaseAuthRegistrar"
90-->[com.google.firebase:firebase-auth:21.0.3] AndroidManifest.xml:68:17-109
91                android:value="com.google.firebase.components.ComponentRegistrar" />
91-->[com.google.firebase:firebase-auth:21.0.3] AndroidManifest.xml:69:17-82
92            <meta-data
92-->[com.google.firebase:firebase-firestore:24.1.1] AndroidManifest.xml:20:13-22:85
93                android:name="com.google.firebase.components:com.google.firebase.firestore.FirestoreRegistrar"
93-->[com.google.firebase:firebase-firestore:24.1.1] AndroidManifest.xml:21:17-111
94                android:value="com.google.firebase.components.ComponentRegistrar" />
94-->[com.google.firebase:firebase-firestore:24.1.1] AndroidManifest.xml:22:17-82
95        </service>
96
97        <meta-data
97-->[:unityLibrary] AndroidManifest.xml:26:9-28:33
98            android:name="unity.splash-mode"
98-->[:unityLibrary] AndroidManifest.xml:27:13-45
99            android:value="0" />
99-->[:unityLibrary] AndroidManifest.xml:28:13-30
100        <meta-data
100-->[:unityLibrary] AndroidManifest.xml:29:9-31:36
101            android:name="unity.splash-enable"
101-->[:unityLibrary] AndroidManifest.xml:30:13-47
102            android:value="True" />
102-->[:unityLibrary] AndroidManifest.xml:31:13-33
103        <meta-data
103-->[:unityLibrary] AndroidManifest.xml:32:9-34:37
104            android:name="unity.allow-resizable-window"
104-->[:unityLibrary] AndroidManifest.xml:33:13-56
105            android:value="False" />
105-->[:unityLibrary] AndroidManifest.xml:34:13-34
106        <meta-data
106-->[:unityLibrary] AndroidManifest.xml:35:9-37:50
107            android:name="notch.config"
107-->[:unityLibrary] AndroidManifest.xml:36:13-40
108            android:value="portrait|landscape" />
108-->[:unityLibrary] AndroidManifest.xml:37:13-47
109        <meta-data
109-->[:unityLibrary] AndroidManifest.xml:38:9-40:68
110            android:name="unity.build-id"
110-->[:unityLibrary] AndroidManifest.xml:39:13-42
111            android:value="147f2351-7135-493d-ac13-b563d22b1ab0" />
111-->[:unityLibrary] AndroidManifest.xml:40:13-65
112
113        <uses-library
113-->[androidx.window:window:1.0.0-beta04] AndroidManifest.xml:25:9-27:40
114            android:name="androidx.window.extensions"
114-->[androidx.window:window:1.0.0-beta04] AndroidManifest.xml:26:13-54
115            android:required="false" />
115-->[androidx.window:window:1.0.0-beta04] AndroidManifest.xml:27:13-37
116        <uses-library
116-->[androidx.window:window:1.0.0-beta04] AndroidManifest.xml:28:9-30:40
117            android:name="androidx.window.sidecar"
117-->[androidx.window:window:1.0.0-beta04] AndroidManifest.xml:29:13-51
118            android:required="false" />
118-->[androidx.window:window:1.0.0-beta04] AndroidManifest.xml:30:13-37
119
120        <activity
120-->[com.google.firebase:firebase-auth:21.0.3] AndroidManifest.xml:27:9-44:20
121            android:name="com.google.firebase.auth.internal.GenericIdpActivity"
121-->[com.google.firebase:firebase-auth:21.0.3] AndroidManifest.xml:28:13-80
122            android:excludeFromRecents="true"
122-->[com.google.firebase:firebase-auth:21.0.3] AndroidManifest.xml:29:13-46
123            android:exported="true"
123-->[com.google.firebase:firebase-auth:21.0.3] AndroidManifest.xml:30:13-36
124            android:launchMode="singleTask"
124-->[com.google.firebase:firebase-auth:21.0.3] AndroidManifest.xml:31:13-44
125            android:theme="@android:style/Theme.Translucent.NoTitleBar" >
125-->[com.google.firebase:firebase-auth:21.0.3] AndroidManifest.xml:32:13-72
126            <intent-filter>
126-->[com.google.firebase:firebase-auth:21.0.3] AndroidManifest.xml:33:13-43:29
127                <action android:name="android.intent.action.VIEW" />
127-->[com.google.firebase:firebase-auth:21.0.3] AndroidManifest.xml:34:17-69
127-->[com.google.firebase:firebase-auth:21.0.3] AndroidManifest.xml:34:25-66
128
129                <category android:name="android.intent.category.DEFAULT" />
129-->[com.google.firebase:firebase-auth:21.0.3] AndroidManifest.xml:36:17-76
129-->[com.google.firebase:firebase-auth:21.0.3] AndroidManifest.xml:36:27-73
130                <category android:name="android.intent.category.BROWSABLE" />
130-->[com.google.firebase:firebase-auth:21.0.3] AndroidManifest.xml:37:17-78
130-->[com.google.firebase:firebase-auth:21.0.3] AndroidManifest.xml:37:27-75
131
132                <data
132-->[com.google.firebase:firebase-auth:21.0.3] AndroidManifest.xml:39:17-42:51
133                    android:host="firebase.auth"
133-->[com.google.firebase:firebase-auth:21.0.3] AndroidManifest.xml:40:21-49
134                    android:path="/"
134-->[com.google.firebase:firebase-auth:21.0.3] AndroidManifest.xml:41:21-37
135                    android:scheme="genericidp" />
135-->[com.google.firebase:firebase-auth:21.0.3] AndroidManifest.xml:42:21-48
136            </intent-filter>
137        </activity>
138        <activity
138-->[com.google.firebase:firebase-auth:21.0.3] AndroidManifest.xml:45:9-62:20
139            android:name="com.google.firebase.auth.internal.RecaptchaActivity"
139-->[com.google.firebase:firebase-auth:21.0.3] AndroidManifest.xml:46:13-79
140            android:excludeFromRecents="true"
140-->[com.google.firebase:firebase-auth:21.0.3] AndroidManifest.xml:47:13-46
141            android:exported="true"
141-->[com.google.firebase:firebase-auth:21.0.3] AndroidManifest.xml:48:13-36
142            android:launchMode="singleTask"
142-->[com.google.firebase:firebase-auth:21.0.3] AndroidManifest.xml:49:13-44
143            android:theme="@android:style/Theme.Translucent.NoTitleBar" >
143-->[com.google.firebase:firebase-auth:21.0.3] AndroidManifest.xml:50:13-72
144            <intent-filter>
144-->[com.google.firebase:firebase-auth:21.0.3] AndroidManifest.xml:51:13-61:29
145                <action android:name="android.intent.action.VIEW" />
145-->[com.google.firebase:firebase-auth:21.0.3] AndroidManifest.xml:34:17-69
145-->[com.google.firebase:firebase-auth:21.0.3] AndroidManifest.xml:34:25-66
146
147                <category android:name="android.intent.category.DEFAULT" />
147-->[com.google.firebase:firebase-auth:21.0.3] AndroidManifest.xml:36:17-76
147-->[com.google.firebase:firebase-auth:21.0.3] AndroidManifest.xml:36:27-73
148                <category android:name="android.intent.category.BROWSABLE" />
148-->[com.google.firebase:firebase-auth:21.0.3] AndroidManifest.xml:37:17-78
148-->[com.google.firebase:firebase-auth:21.0.3] AndroidManifest.xml:37:27-75
149
150                <data
150-->[com.google.firebase:firebase-auth:21.0.3] AndroidManifest.xml:39:17-42:51
151                    android:host="firebase.auth"
151-->[com.google.firebase:firebase-auth:21.0.3] AndroidManifest.xml:40:21-49
152                    android:path="/"
152-->[com.google.firebase:firebase-auth:21.0.3] AndroidManifest.xml:41:21-37
153                    android:scheme="recaptcha" />
153-->[com.google.firebase:firebase-auth:21.0.3] AndroidManifest.xml:42:21-48
154            </intent-filter>
155        </activity>
156
157        <provider
157-->[com.google.firebase:firebase-common:20.1.0] AndroidManifest.xml:26:9-31:39
158            android:name="com.google.firebase.provider.FirebaseInitProvider"
158-->[com.google.firebase:firebase-common:20.1.0] AndroidManifest.xml:27:13-77
159            android:authorities="com.example.mdc_100_series.firebaseinitprovider"
159-->[com.google.firebase:firebase-common:20.1.0] AndroidManifest.xml:28:13-72
160            android:directBootAware="true"
160-->[com.google.firebase:firebase-common:20.1.0] AndroidManifest.xml:29:13-43
161            android:exported="false"
161-->[com.google.firebase:firebase-common:20.1.0] AndroidManifest.xml:30:13-37
162            android:initOrder="100" />
162-->[com.google.firebase:firebase-common:20.1.0] AndroidManifest.xml:31:13-36
163        <provider
163-->[androidx.lifecycle:lifecycle-process:2.2.0] AndroidManifest.xml:25:9-29:43
164            android:name="androidx.lifecycle.ProcessLifecycleOwnerInitializer"
164-->[androidx.lifecycle:lifecycle-process:2.2.0] AndroidManifest.xml:26:13-79
165            android:authorities="com.example.mdc_100_series.lifecycle-process"
165-->[androidx.lifecycle:lifecycle-process:2.2.0] AndroidManifest.xml:27:13-69
166            android:exported="false"
166-->[androidx.lifecycle:lifecycle-process:2.2.0] AndroidManifest.xml:28:13-37
167            android:multiprocess="true" />
167-->[androidx.lifecycle:lifecycle-process:2.2.0] AndroidManifest.xml:29:13-40
168
169        <activity
169-->[com.google.android.gms:play-services-base:18.0.1] AndroidManifest.xml:20:9-22:45
170            android:name="com.google.android.gms.common.api.GoogleApiActivity"
170-->[com.google.android.gms:play-services-base:18.0.1] AndroidManifest.xml:20:19-85
171            android:exported="false"
171-->[com.google.android.gms:play-services-base:18.0.1] AndroidManifest.xml:22:19-43
172            android:theme="@android:style/Theme.Translucent.NoTitleBar" />
172-->[com.google.android.gms:play-services-base:18.0.1] AndroidManifest.xml:21:19-78
173
174        <meta-data
174-->[com.google.android.gms:play-services-basement:18.0.0] AndroidManifest.xml:21:9-23:69
175            android:name="com.google.android.gms.version"
175-->[com.google.android.gms:play-services-basement:18.0.0] AndroidManifest.xml:22:13-58
176            android:value="@integer/google_play_services_version" />
176-->[com.google.android.gms:play-services-basement:18.0.0] AndroidManifest.xml:23:13-66
177    </application>
178
179</manifest>